2026-03-19 16:54:46	INFO	::casa	
2026-03-19 16:54:47	INFO	::casa	The latest version is already installed in /home/arpan/.casa/data
2026-03-19 16:54:49	INFO	::casa	measures_update ... acquiring the lock ... 
2026-03-19 16:54:49	INFO	::casa	  ... finding available measures ...
2026-03-19 16:54:50	INFO	::casa	  ... downloading WSRT_Measures_20260319-160001.ztar from https://www.astron.nl/iers/ to /home/arpan/.casa/data ...
2026-03-19 16:54:56	INFO	::casa	  ... measures data updated at /home/arpan/.casa/data
2026-03-19 16:54:56	INFO	::casa	
2026-03-19 16:54:57	INFO	::casa	Python version 3.12.13
2026-03-19 16:54:57	INFO	::casa	CASA Version MODULAR 6.7.3.21
2026-03-19 16:54:57	INFO	readantenna::readantenna::casa	Reading antenna positions from '/home/arpan/.casa/data/alma/simmos/vla.d.cfg'
2026-03-19 16:54:57	INFO	readantenna::NewMSSimulator::initAnt() 	Using global coordinates for the antennas
2026-03-19 16:54:57	INFO	readantenna::NewMSSimulator::initAnt() 	Added rows to ANTENNA table
2026-03-19 16:54:57	INFO	readantenna::MSsimulator::initFeeds() 	Added rows to FEED table
2026-03-19 16:54:57	INFO	readantenna::MSsimulator::initSpWindows() 	Creating new spectral window LBand, ID 1
2026-03-19 16:54:57	INFO	readantenna::simulator::settimes()	Times 
2026-03-19 16:54:57	INFO	readantenna::simulator::settimes()+	     Integration time 2000s
2026-03-19 16:54:57	INFO	readantenna::simulator::settimes()	     Times will be interpreted as hour angles for first source
2026-03-19 16:54:57	INFO	readantenna::NewMSSimulator::observe()	First source: 3C286 @ 13:31:08.29   +30.30.32.96       J2000
2026-03-19 16:54:57	INFO	readantenna::NewMSSimulator::observe()+	Full time range: 15-Jun-2024/01:07:18.6 -- 15-Jun-2024/05:07:18.6 TAI with int = 2000
2026-03-19 16:54:57	INFO	readantenna::NewMSSimulator::observe()	Calculating a total of 7 integrations
2026-03-19 16:54:58	INFO	readantenna::Simulator::reset() 	Resetting all visibility corruption components
2026-03-19 16:54:58	INFO	readantenna::Simulator::reset() 	Reset all image-plane corruption components
2026-03-19 16:54:58	INFO	flagdata::::casa	##########################################
2026-03-19 16:54:58	INFO	flagdata::::casa	##### Begin Task: flagdata           #####
2026-03-19 16:54:58	INFO	flagdata::::casa	flagdata( vis='sim_vla_3c286.ms', mode='unflag', autocorr=False, inpfile='', reason='any', tbuff=0.0, spw='', field='', antenna='', uvrange='', timerange='', correlation='', scan='', intent='', array='', observation='', feed='', clipminmax=[], datacolumn='DATA', clipoutside=True, channelavg=False, chanbin=1, timeavg=False, timebin='0s', clipzeros=False, quackinterval=1.0, quackmode='beg', quackincrement=False, tolerance=0.0, addantenna='', lowerlimit=0.0, upperlimit=90.0, ntime='scan', combinescans=False, timecutoff=4.0, freqcutoff=3.0, timefit='line', freqfit='poly', maxnpieces=7, flagdimension='freqtime', usewindowstats='none', halfwin=1, extendflags=True, winsize=3, timedev='', freqdev='', timedevscale=5.0, freqdevscale=5.0, spectralmax=1000000.0, spectralmin=0.0, antint_ref_antenna='', minchanfrac=0.6, verbose=False, extendpols=True, growtime=50.0, growfreq=50.0, growaround=False, flagneartime=False, flagnearfreq=False, minrel=0.0, maxrel=1.0, minabs=0, maxabs=-1, spwchan=False, spwcorr=False, basecnt=False, fieldcnt=False, name='Summary', action='apply', display='', flagbackup=True, savepars=False, cmdreason='', outfile='', overwrite=True, writeflags=True )
2026-03-19 16:54:58	INFO	flagdata::::casa	Backup original flags before applying new flags
2026-03-19 16:54:58	INFO	AgentFlagger::open	Table type is Measurement Set
2026-03-19 16:54:58	INFO	FlagVersion::saveFlagVersion	Creating new backup flag file called flagdata_1
2026-03-19 16:54:58	INFO	AgentFlagger::open	Table type is Measurement Set
2026-03-19 16:54:58	INFO	flagdata::::casa	Unflag mode is active
2026-03-19 16:54:58	INFO	flagdata::::casa	Initializing the agents
2026-03-19 16:54:58	INFO	AgentFlagger::initAgents	There are initially 1 agents in the list. Agents: unflag
2026-03-19 16:54:58	INFO	AgentFlagger::initAgents	There are 1 valid agents in the list. Agents: unflag
2026-03-19 16:54:58	INFO	flagdata::::casa	Running the agentflagger tool
2026-03-19 16:54:58	INFO	FlagMSHandler::	Chunk = 1 [progress: 100%], Observation = 0, Array = 0, Scan = 1, Field = 0 (3C286), Spw = 0, Channels = 5, Corrs = [ RR RL LR LL ], Total Rows = 462
2026-03-19 16:54:58	INFO	Unflag::chunkSummary	=> Data unflagged so far 100% (9240/9240)
2026-03-19 16:54:58	INFO	FlagMSHandler::nextChunk 	==================================================================================== 
2026-03-19 16:54:58	INFO	Unflag::tableSummary	=> Percentage of data un-flagged in table selection: 100%
2026-03-19 16:54:58	INFO	AgentFlagger::run	=> Writing flags to the MS
2026-03-19 16:54:58	INFO	flagdata::::casa	Task flagdata complete. Start time: 2026-03-19 10:54:57.606467 End time: 2026-03-19 10:54:57.643092
2026-03-19 16:54:58	INFO	flagdata::::casa	##### End Task: flagdata             #####
2026-03-19 16:54:58	INFO	flagdata::::casa	##########################################
2026-03-19 16:54:58	INFO	NewMSSimulator::NewMSSimulator(MeasurementSet& theMS) 	Opening MeasurementSet /home/arpan/casa_sim/sim_vla_3c286.ms with 462 rows
2026-03-19 16:54:58	INFO	NewMSSimulator::NewMSSimulator(MeasurementSet& theMS) 	   last spectral window ID = 1
2026-03-19 16:54:58	INFO	Simulator::predict() 	Predicting visibilities using model: [] and componentList: tests/data/3c286_lband.cl
2026-03-19 16:54:58	INFO	Simulator::predict() 	The data column will be replaced
2026-03-19 16:54:58	SEVERE	Simulator::createSkyEquation() (file /source/casa6/casatools/src/code/synthesis/MeasurementEquations/Simulator.cc, line 2270)	ComponentList tests/data/3c286_lband.cl not readable
2026-03-19 16:54:58	SEVERE	Simulator::predict() (file /source/casa6/casatools/src/code/synthesis/MeasurementEquations/Simulator.cc, line 2127)	Failed to create SkyEquation
2026-03-19 16:54:58	INFO	Simulator::reset() 	Resetting all visibility corruption components
2026-03-19 16:54:58	INFO	Simulator::reset() 	Reset all image-plane corruption components
2026-03-19 16:54:58	INFO	NewMSSimulator::NewMSSimulator(MeasurementSet& theMS) 	Opening MeasurementSet /home/arpan/casa_sim/sim_vla_3c286.ms with 462 rows
2026-03-19 16:54:58	INFO	NewMSSimulator::NewMSSimulator(MeasurementSet& theMS) 	   last spectral window ID = 1
2026-03-19 16:54:58	INFO	Simulator::setnoise2() 	Using simple noise model with noise level of 0.05 Jy
2026-03-19 16:54:58	INFO	Simulator::create_corrupt() 	Creating A NOISE Calibration structure for data corruption.
2026-03-19 16:54:58	INFO	SVC::sizeUpSim() 	For simint = integration, found 1 solution intervals.
2026-03-19 16:54:58	INFO	SVC[A Noise]::setSimulate() 	calTable name not set - not writing to disk (note: OTF sim - not creating Calset either)
2026-03-19 16:54:58	INFO	Simulator::corrupt() 	Doing visibility corruption.
2026-03-19 16:54:58	INFO	Simulator::corrupt() 	simulated A Noise: output table=<none> simint=integration t=0spwok = [1] in correct mode.
2026-03-19 16:54:58	INFO	Simulator::reset() 	Resetting all visibility corruption components
2026-03-19 16:54:58	INFO	Simulator::reset() 	Reset all image-plane corruption components
2026-03-19 16:54:58	INFO	tclean::::casa	##########################################
2026-03-19 16:54:58	INFO	tclean::::casa	##### Begin Task: tclean             #####
2026-03-19 16:54:58	INFO	tclean::::casa	tclean( vis='sim_vla_3c286.ms', selectdata=True, field='', spw='', timerange='', uvrange='', antenna='', scan='', observation='', intent='', datacolumn='data', imagename='sim_vla_3c286_sanity', imsize=256, cell='9arcsec', phasecenter='', stokes='IQUV', projection='SIN', startmodel='', specmode='cube', reffreq='', nchan=-1, start='', width='', outframe='LSRK', veltype='radio', restfreq=[], interpolation='linear', perchanweightdensity=True, gridder='standard', facets=1, psfphasecenter='', wprojplanes=1, vptable='', mosweight=True, aterm=True, psterm=False, wbawp=True, conjbeams=False, cfcache='', usepointing=False, computepastep=360.0, rotatepastep=360.0, pointingoffsetsigdev=[], pblimit=0.05, normtype='flatsky', deconvolver='hogbom', scales=[], nterms=2, smallscalebias=0.0, fusedthreshold=0.0, largestscale=-1, restoration=True, restoringbeam=[], pbcor=False, outlierfile='', weighting='natural', robust=0.5, noise='1.0Jy', npixels=0, uvtaper=[''], niter=500, gain=0.1, threshold=0.0, nsigma=0.0, cycleniter=-1, cyclefactor=1.0, minpsffraction=0.05, maxpsffraction=0.8, interactive=False, nmajor=-1, fullsummary=False, usemask='user', mask='', pbmask=0.0, sidelobethreshold=3.0, noisethreshold=5.0, lownoisethreshold=1.5, negativethreshold=0.0, smoothfactor=1.0, minbeamfrac=0.3, cutthreshold=0.01, growiterations=75, dogrowprune=True, minpercentchange=-1.0, verbose=False, fastnoise=True, restart=True, savemodel='none', calcres=True, calcpsf=True, psfcutoff=0.35, parallel=False )
2026-03-19 16:54:58	INFO	tclean::::casa	Verifying Input Parameters
2026-03-19 16:54:58	INFO	SynthesisImagerVi2::selectData 	MS : sim_vla_3c286.ms | [Opened in readonly mode]
2026-03-19 16:54:58	INFO	SynthesisImagerVi2::selectData 	  NRows selected : 462
2026-03-19 16:54:58	INFO	SynthesisImagerVi2::defineImage 	Define image coordinates for [sim_vla_3c286_sanity] : 
2026-03-19 16:54:58	INFO	SynthesisImagerVi2::defineImage 	Define image coordinates for [sim_vla_3c286_sanity] : 
2026-03-19 16:54:58	INFO	MSTransformRegridder::calcChanFreqs	 phaseCenter='Direction: [-0.794319, -0.333649, 0.507676]'  Channels equidistant in freq
2026-03-19 16:54:58	INFO	MSTransformRegridder::calcChanFreqs+	 Central frequency (in output frame) = 1.80007e+09 Hz
2026-03-19 16:54:58	INFO	MSTransformRegridder::calcChanFreqs+	 Width of central channel (in output frame) = 2.00008e+08 Hz
2026-03-19 16:54:58	INFO	MSTransformRegridder::calcChanFreqs+	 Number of channels = 5
2026-03-19 16:54:58	INFO	MSTransformRegridder::calcChanFreqs+	 Total width of SPW (in output frame) = 1.00004e+09 Hz
2026-03-19 16:54:58	INFO	MSTransformRegridder::calcChanFreqs+	 Lower edge = 1.30005e+09 Hz, upper edge = 2.30009e+09 Hz
2026-03-19 16:54:58	INFO	SynthesisImagerVi2::defineImage 	Impars: start 
2026-03-19 16:54:58	INFO	SynthesisImagerVi2::defineImage 	Shape: [256, 256, 4, 5] Spectral: [1.40006e+09] at [0] with increment [2.00008e+08]
2026-03-19 16:54:58	INFO	SynthesisImagerVi2::defineImage 	Set Gridding options for [sim_vla_3c286_sanity] with ftmachine : gridft
2026-03-19 16:54:58	INFO	SynthesisImagerVi2::nSubCubeFitInMemory	Required memory: 0.07553 GB. Available mem.: 14.79 GB (rc, mem. fraction: 80%, memory: -) => Subcubes: 1. Processes on node: 1.
2026-03-19 16:54:58	INFO	tclean::::casa	CFCache already exists
2026-03-19 16:54:58	INFO	SynthesisImagerVi2::weight() 	Set imaging weights : Natural weighting
2026-03-19 16:54:58	INFO	task_tclean::SynthesisDeconvolver::setupDeconvolution 	Set Deconvolution Options for [sim_vla_3c286_sanity] : hogbom
2026-03-19 16:54:58	INFO	task_tclean::SynthesisImager::makePSF 	----------------------------------------------------------- Make PSF ---------------------------------------------
2026-03-19 16:54:58	INFO	task_tclean::SynthesisImagerVi2::nSubCubeFitInMemory	Required memory: 0.07553 GB. Available mem.: 14.79 GB (rc, mem. fraction: 80%, memory: -) => Subcubes: 1. Processes on node: 1.
2026-03-19 16:54:58	INFO	task_tclean::SynthesisImagerVi2::selectData 	MS : sim_vla_3c286.ms | [Opened in readonly mode]
2026-03-19 16:54:58	INFO	task_tclean::SynthesisImagerVi2::selectData 	  NRows selected : 462
2026-03-19 16:54:58	INFO	task_tclean::SynthesisImagerVi2::weight() 	Set imaging weights : Natural weighting
2026-03-19 16:54:58	INFO	task_tclean::SynthesisImager::makePSF 	----------------------------------------------------------- Make PSF ---------------------------------------------
2026-03-19 16:55:00	INFO	task_tclean::SynthesisImagerVi2::makePrimaryBeam 	vi2 : Evaluating Primary Beam model onto image grid(s)
2026-03-19 16:55:00	INFO	task_tclean::SIImageStore::calcSensitivity 	[sim_vla_3c286_sanity] Theoretical sensitivity (Jy/bm):c0:p0:0.123091 c1:p0:0.0465242 c2:p0:0.0465242 c3:p0:0.0465242 c4:p0:0.0465242 c0:p1:0.123091 c1:p1:0.0465242 c2:p1:0.0465242 c3:p1:0.0465242 c4:p1:0.0465242 c0:p2:0.123091 c1:p2:0.0465242 c2:p2:0.0465242 c3:p2:0.0465242 c4:p2:0.0465242 c0:p3:0.123091 c1:p3:0.0465242 c2:p3:0.0465242 c3:p3:0.0465242 c4:p3:0.0465242 
2026-03-19 16:55:00	INFO	task_tclean::SIImageStore::getPSFGaussian 	Time to fit Gaussian to PSF 0.52743
2026-03-19 16:55:00	INFO	task_tclean::SIImageStore::printBeamSet 	Restoring Beams 
2026-03-19 16:55:00	INFO	task_tclean::SIImageStore::printBeamSet +	Pol   Type Chan    Freq   Vel
2026-03-19 16:55:00	INFO	task_tclean::SIImageStore::printBeamSet +	  I    Max    0 1.4e+09   -12  188.0021 arcsec x  165.1709 arcsec pa=-77.8532 deg
2026-03-19 16:55:00	INFO	task_tclean::SIImageStore::printBeamSet +	  I    Min    4 2.2e+09 -171329  113.9756 arcsec x  105.5316 arcsec pa= 85.0262 deg
2026-03-19 16:55:00	INFO	task_tclean::SIImageStore::printBeamSet +	  I Median    2 1.8e+09 -85670  139.3355 arcsec x  129.0054 arcsec pa= 84.6966 deg
2026-03-19 16:55:00	INFO	task_tclean::SIImageStore::printBeamSet +	  Q    Max    0 1.4e+09   -12  188.0021 arcsec x  165.1709 arcsec pa=-77.8532 deg
2026-03-19 16:55:00	INFO	task_tclean::SIImageStore::printBeamSet +	  Q    Min    4 2.2e+09 -171329  113.9756 arcsec x  105.5316 arcsec pa= 85.0262 deg
2026-03-19 16:55:00	INFO	task_tclean::SIImageStore::printBeamSet +	  Q Median    2 1.8e+09 -85670  139.3355 arcsec x  129.0054 arcsec pa= 84.6966 deg
2026-03-19 16:55:00	INFO	task_tclean::SIImageStore::printBeamSet +	  U    Max    0 1.4e+09   -12  188.0021 arcsec x  165.1709 arcsec pa=-77.8532 deg
2026-03-19 16:55:00	INFO	task_tclean::SIImageStore::printBeamSet +	  U    Min    4 2.2e+09 -171329  113.9756 arcsec x  105.5316 arcsec pa= 85.0262 deg
2026-03-19 16:55:00	INFO	task_tclean::SIImageStore::printBeamSet +	  U Median    2 1.8e+09 -85670  139.3355 arcsec x  129.0054 arcsec pa= 84.6966 deg
2026-03-19 16:55:00	INFO	task_tclean::SIImageStore::printBeamSet +	  V    Max    0 1.4e+09   -12  188.0021 arcsec x  165.1709 arcsec pa=-77.8532 deg
2026-03-19 16:55:00	INFO	task_tclean::SIImageStore::printBeamSet +	  V    Min    4 2.2e+09 -171329  113.9756 arcsec x  105.5316 arcsec pa= 85.0262 deg
2026-03-19 16:55:00	INFO	task_tclean::SIImageStore::printBeamSet +	  V Median    2 1.8e+09 -85670  139.3355 arcsec x  129.0054 arcsec pa= 84.6966 deg
2026-03-19 16:55:00	INFO	task_tclean::SynthesisImager::executeMajorCycle 	----------------------------------------------------------- Run Major Cycle 1 -------------------------------------
2026-03-19 16:55:00	INFO	task_tclean::SynthesisImagerVi2::nSubCubeFitInMemory	Required memory: 0.07553 GB. Available mem.: 14.79 GB (rc, mem. fraction: 80%, memory: -) => Subcubes: 1. Processes on node: 1.
2026-03-19 16:55:01	INFO	task_tclean::SynthesisImagerVi2::selectData 	MS : sim_vla_3c286.ms | [Opened in readonly mode]
2026-03-19 16:55:01	INFO	task_tclean::SynthesisImagerVi2::selectData 	  NRows selected : 462
2026-03-19 16:55:01	INFO	task_tclean::SynthesisImagerVi2::weight() 	Set imaging weights : Natural weighting
2026-03-19 16:55:01	INFO	task_tclean::SynthesisImager::executeMajorCycle 	----------------------------------------------------------- Run Major Cycle 1 -------------------------------------
2026-03-19 16:55:03	INFO	task_tclean::SynthesisDeconvolver::initMinorCycle 	 Absolute Peak residual within mask : 0, over full image : 0.0158387
2026-03-19 16:55:03	INFO	SynthesisDeconvolver::setupMask 	[sim_vla_3c286_sanity] Initializing new mask to 1.0 for the full image
2026-03-19 16:55:03	INFO	SynthesisDeconvolver::setupMask 	[sim_vla_3c286_sanity] Number of pixels in the clean mask : 1.31072e+06 out of a total of 1.31072e+06 pixels. [ 100 % ]
2026-03-19 16:55:03	INFO	SynthesisDeconvolver::initMinorCycle 	 Absolute Peak residual within mask : 0.0158387, over full image : 0.0158387
2026-03-19 16:55:03	INFO	tclean::::casa	Minor Cycle controls : {'cycleniter': 500, 'cyclethreshold': 0.012670953758060932, 'loopgain': 0.10000000149011612, 'nsigma': 0.0, 'thresholdreached': False}
2026-03-19 16:55:03	INFO	SynthesisDeconvolver::executeCubeMinorCycle 	---------------------------------------------------- Run Minor Cycle Iterations  ---------------------------------------------
2026-03-19 16:55:03	INFO	SynthesisDeconvolver::setupDeconvolution 	Set Deconvolution Options for [sim_vla_3c286_sanity] : hogbom
2026-03-19 16:55:03	INFO	SynthesisDeconvolver::initMinorCycle 	 Absolute Peak residual within mask : 0.0158387, over full image : 0.0158387
2026-03-19 16:55:03	INFO	CubeMinorCycleAlgorithm::task 	Processing channels in range [0, 4]
2026-03-19 16:55:03	INFO	SDAlgorithmBase::deconvolve 	[sim_vla_3c286_sanity] Run Hogbom minor-cycle on 5 chans 4 pols | CycleThreshold=0.012671, CycleNiter=500, Gain=0.1
2026-03-19 16:55:03	INFO	SDAlgorithmBase::deconvolve 	[sim_vla_3c286_sanity:C0:P0] iters=0->0 [0], model=0->0, peakres=0.0126656->0.0126656, Reached cyclethreshold.
2026-03-19 16:55:03	INFO	SDAlgorithmBase::deconvolve 	[sim_vla_3c286_sanity:C0:P1] iters=0->0 [0], model=0->0, peakres=0->0, Reached cyclethreshold.
2026-03-19 16:55:03	INFO	SDAlgorithmBase::deconvolve 	[sim_vla_3c286_sanity:C0:P2] iters=0->0 [0], model=0->0, peakres=0->0, Reached cyclethreshold.
2026-03-19 16:55:03	INFO	SDAlgorithmBase::deconvolve 	[sim_vla_3c286_sanity:C0:P3] iters=0->8 [8], model=0->0.0110091, peakres=0.0158387->0.0121624, Reached cyclethreshold.
2026-03-19 16:55:03	INFO	SDAlgorithmBase::deconvolve 	[sim_vla_3c286_sanity:C1:P0] iters=8->8 [0], model=0->0, peakres=0.00650256->0.00650256, Reached cyclethreshold.
2026-03-19 16:55:03	INFO	SDAlgorithmBase::deconvolve 	[sim_vla_3c286_sanity:C1:P1] iters=8->8 [0], model=0->0, peakres=0->0, Reached cyclethreshold.
2026-03-19 16:55:03	INFO	SDAlgorithmBase::deconvolve 	[sim_vla_3c286_sanity:C1:P2] iters=8->8 [0], model=0->0, peakres=0->0, Reached cyclethreshold.
2026-03-19 16:55:03	INFO	SDAlgorithmBase::deconvolve 	[sim_vla_3c286_sanity:C1:P3] iters=8->8 [0], model=0->0, peakres=0.0058459->0.0058459, Reached cyclethreshold.
2026-03-19 16:55:03	INFO	SDAlgorithmBase::deconvolve 	[sim_vla_3c286_sanity:C2:P0] iters=8->8 [0], model=0->0, peakres=0.00611064->0.00611064, Reached cyclethreshold.
2026-03-19 16:55:03	INFO	SDAlgorithmBase::deconvolve 	[sim_vla_3c286_sanity:C2:P1] iters=8->8 [0], model=0->0, peakres=0->0, Reached cyclethreshold.
2026-03-19 16:55:03	INFO	SDAlgorithmBase::deconvolve 	[sim_vla_3c286_sanity:C2:P2] iters=8->8 [0], model=0->0, peakres=0->0, Reached cyclethreshold.
2026-03-19 16:55:03	INFO	SDAlgorithmBase::deconvolve 	[sim_vla_3c286_sanity:C2:P3] iters=8->8 [0], model=0->0, peakres=0.00555311->0.00555311, Reached cyclethreshold.
2026-03-19 16:55:03	INFO	SDAlgorithmBase::deconvolve 	[sim_vla_3c286_sanity:C3:P0] iters=8->8 [0], model=0->0, peakres=0.00713279->0.00713279, Reached cyclethreshold.
2026-03-19 16:55:03	INFO	SDAlgorithmBase::deconvolve 	[sim_vla_3c286_sanity:C3:P1] iters=8->8 [0], model=0->0, peakres=0->0, Reached cyclethreshold.
2026-03-19 16:55:03	INFO	SDAlgorithmBase::deconvolve 	[sim_vla_3c286_sanity:C3:P2] iters=8->8 [0], model=0->0, peakres=0->0, Reached cyclethreshold.
2026-03-19 16:55:03	INFO	SDAlgorithmBase::deconvolve 	[sim_vla_3c286_sanity:C3:P3] iters=8->8 [0], model=0->0, peakres=0.00609653->0.00609653, Reached cyclethreshold.
2026-03-19 16:55:03	INFO	SDAlgorithmBase::deconvolve 	[sim_vla_3c286_sanity:C4:P0] iters=8->8 [0], model=0->0, peakres=0.00666808->0.00666808, Reached cyclethreshold.
2026-03-19 16:55:03	INFO	SDAlgorithmBase::deconvolve 	[sim_vla_3c286_sanity:C4:P1] iters=8->8 [0], model=0->0, peakres=0->0, Reached cyclethreshold.
2026-03-19 16:55:03	INFO	SDAlgorithmBase::deconvolve 	[sim_vla_3c286_sanity:C4:P2] iters=8->8 [0], model=0->0, peakres=0->0, Reached cyclethreshold.
2026-03-19 16:55:03	INFO	SDAlgorithmBase::deconvolve 	[sim_vla_3c286_sanity:C4:P3] iters=8->8 [0], model=0->0, peakres=0.00652204->0.00652204, Reached cyclethreshold.
2026-03-19 16:55:03	INFO	SDAlgorithmBase::deconvolve 	[sim_vla_3c286_sanity] Total model flux (over all planes) : 0.0110091     Peak Residual (over all planes) : 0.0126656 in C0:P0
2026-03-19 16:55:03	INFO	grpcInteractiveCleanManager::mergeCycleExecutionRecord 	Completed 8 iterations.
2026-03-19 16:55:03	INFO	task_tclean::SynthesisImager::executeMajorCycle 	----------------------------------------------------------- Run Major Cycle 2 -------------------------------------
2026-03-19 16:55:03	INFO	task_tclean::SynthesisImagerVi2::nSubCubeFitInMemory	Required memory: 0.07553 GB. Available mem.: 14.75 GB (rc, mem. fraction: 80%, memory: -) => Subcubes: 1. Processes on node: 1.
2026-03-19 16:55:03	INFO	task_tclean::SynthesisImagerVi2::selectData 	MS : sim_vla_3c286.ms | [Opened in readonly mode]
2026-03-19 16:55:03	INFO	task_tclean::SynthesisImagerVi2::selectData 	  NRows selected : 462
2026-03-19 16:55:03	INFO	task_tclean::SynthesisImagerVi2::weight() 	Set imaging weights : Natural weighting
2026-03-19 16:55:03	INFO	task_tclean::SynthesisImager::executeMajorCycle 	----------------------------------------------------------- Run Major Cycle 2 -------------------------------------
2026-03-19 16:55:06	INFO	task_tclean::SynthesisDeconvolver::initMinorCycle 	 Absolute Peak residual within mask : 0.0126656, over full image : 0.0126656
2026-03-19 16:55:06	INFO	tclean::::casa	Minor Cycle controls : {'cycleniter': 492, 'cyclethreshold': 0.010132470168173313, 'loopgain': 0.10000000149011612, 'nsigma': 0.0, 'thresholdreached': False}
2026-03-19 16:55:06	INFO	SynthesisDeconvolver::executeCubeMinorCycle 	---------------------------------------------------- Run Minor Cycle Iterations  ---------------------------------------------
2026-03-19 16:55:06	INFO	SynthesisDeconvolver::setupDeconvolution 	Set Deconvolution Options for [sim_vla_3c286_sanity] : hogbom
2026-03-19 16:55:06	INFO	SynthesisDeconvolver::initMinorCycle 	 Absolute Peak residual within mask : 0.0126656, over full image : 0.0126656
2026-03-19 16:55:06	INFO	CubeMinorCycleAlgorithm::task 	Processing channels in range [0, 4]
2026-03-19 16:55:06	INFO	SDAlgorithmBase::deconvolve 	[sim_vla_3c286_sanity] Run Hogbom minor-cycle on 5 chans 4 pols | CycleThreshold=0.0101325, CycleNiter=492, Gain=0.1
2026-03-19 16:55:06	INFO	SDAlgorithmBase::deconvolve 	[sim_vla_3c286_sanity:C0:P0] iters=0->13 [13], model=0->0.0101161, peakres=0.0126656->0.0100343, Reached cyclethreshold.
2026-03-19 16:55:06	INFO	SDAlgorithmBase::deconvolve 	[sim_vla_3c286_sanity:C0:P1] iters=13->13 [0], model=0->0, peakres=0->0, Reached cyclethreshold.
2026-03-19 16:55:06	INFO	SDAlgorithmBase::deconvolve 	[sim_vla_3c286_sanity:C0:P2] iters=13->13 [0], model=0->0, peakres=0->0, Reached cyclethreshold.
2026-03-19 16:55:06	INFO	SDAlgorithmBase::deconvolve 	[sim_vla_3c286_sanity:C0:P3] iters=13->24 [11], model=0.0110091->0.0186749, peakres=0.0119122->0.0101308, Reached cyclethreshold.
2026-03-19 16:55:06	INFO	SDAlgorithmBase::deconvolve 	[sim_vla_3c286_sanity:C1:P0] iters=24->24 [0], model=0->0, peakres=0.00650256->0.00650256, Reached cyclethreshold.
2026-03-19 16:55:06	INFO	SDAlgorithmBase::deconvolve 	[sim_vla_3c286_sanity:C1:P1] iters=24->24 [0], model=0->0, peakres=0->0, Reached cyclethreshold.
2026-03-19 16:55:06	INFO	SDAlgorithmBase::deconvolve 	[sim_vla_3c286_sanity:C1:P2] iters=24->24 [0], model=0->0, peakres=0->0, Reached cyclethreshold.
2026-03-19 16:55:06	INFO	SDAlgorithmBase::deconvolve 	[sim_vla_3c286_sanity:C1:P3] iters=24->24 [0], model=0->0, peakres=0.0058459->0.0058459, Reached cyclethreshold.
2026-03-19 16:55:06	INFO	SDAlgorithmBase::deconvolve 	[sim_vla_3c286_sanity:C2:P0] iters=24->24 [0], model=0->0, peakres=0.00611064->0.00611064, Reached cyclethreshold.
2026-03-19 16:55:06	INFO	SDAlgorithmBase::deconvolve 	[sim_vla_3c286_sanity:C2:P1] iters=24->24 [0], model=0->0, peakres=0->0, Reached cyclethreshold.
2026-03-19 16:55:06	INFO	SDAlgorithmBase::deconvolve 	[sim_vla_3c286_sanity:C2:P2] iters=24->24 [0], model=0->0, peakres=0->0, Reached cyclethreshold.
2026-03-19 16:55:06	INFO	SDAlgorithmBase::deconvolve 	[sim_vla_3c286_sanity:C2:P3] iters=24->24 [0], model=0->0, peakres=0.00555311->0.00555311, Reached cyclethreshold.
2026-03-19 16:55:06	INFO	SDAlgorithmBase::deconvolve 	[sim_vla_3c286_sanity:C3:P0] iters=24->24 [0], model=0->0, peakres=0.00713279->0.00713279, Reached cyclethreshold.
2026-03-19 16:55:06	INFO	SDAlgorithmBase::deconvolve 	[sim_vla_3c286_sanity:C3:P1] iters=24->24 [0], model=0->0, peakres=0->0, Reached cyclethreshold.
2026-03-19 16:55:06	INFO	SDAlgorithmBase::deconvolve 	[sim_vla_3c286_sanity:C3:P2] iters=24->24 [0], model=0->0, peakres=0->0, Reached cyclethreshold.
2026-03-19 16:55:06	INFO	SDAlgorithmBase::deconvolve 	[sim_vla_3c286_sanity:C3:P3] iters=24->24 [0], model=0->0, peakres=0.00609653->0.00609653, Reached cyclethreshold.
2026-03-19 16:55:06	INFO	SDAlgorithmBase::deconvolve 	[sim_vla_3c286_sanity:C4:P0] iters=24->24 [0], model=0->0, peakres=0.00666808->0.00666808, Reached cyclethreshold.
2026-03-19 16:55:06	INFO	SDAlgorithmBase::deconvolve 	[sim_vla_3c286_sanity:C4:P1] iters=24->24 [0], model=0->0, peakres=0->0, Reached cyclethreshold.
2026-03-19 16:55:06	INFO	SDAlgorithmBase::deconvolve 	[sim_vla_3c286_sanity:C4:P2] iters=24->24 [0], model=0->0, peakres=0->0, Reached cyclethreshold.
2026-03-19 16:55:06	INFO	SDAlgorithmBase::deconvolve 	[sim_vla_3c286_sanity:C4:P3] iters=24->24 [0], model=0->0, peakres=0.00652204->0.00652204, Reached cyclethreshold.
2026-03-19 16:55:06	INFO	SDAlgorithmBase::deconvolve 	[sim_vla_3c286_sanity] Total model flux (over all planes) : 0.0287909     Peak Residual (over all planes) : 0.0101308 in C0:P3
2026-03-19 16:55:06	INFO	grpcInteractiveCleanManager::mergeCycleExecutionRecord 	Completed 32 iterations.
2026-03-19 16:55:06	INFO	task_tclean::SynthesisImager::executeMajorCycle 	----------------------------------------------------------- Run Major Cycle 3 -------------------------------------
2026-03-19 16:55:06	INFO	task_tclean::SynthesisImagerVi2::nSubCubeFitInMemory	Required memory: 0.07553 GB. Available mem.: 14.74 GB (rc, mem. fraction: 80%, memory: -) => Subcubes: 1. Processes on node: 1.
2026-03-19 16:55:06	INFO	task_tclean::SynthesisImagerVi2::selectData 	MS : sim_vla_3c286.ms | [Opened in readonly mode]
2026-03-19 16:55:06	INFO	task_tclean::SynthesisImagerVi2::selectData 	  NRows selected : 462
2026-03-19 16:55:06	INFO	task_tclean::SynthesisImagerVi2::weight() 	Set imaging weights : Natural weighting
2026-03-19 16:55:06	INFO	task_tclean::SynthesisImager::executeMajorCycle 	----------------------------------------------------------- Run Major Cycle 3 -------------------------------------
2026-03-19 16:55:10	INFO	task_tclean::SynthesisDeconvolver::initMinorCycle 	 Absolute Peak residual within mask : 0.0100029, over full image : 0.0100029
2026-03-19 16:55:10	INFO	tclean::::casa	Minor Cycle controls : {'cycleniter': 468, 'cyclethreshold': 0.008002353832125664, 'loopgain': 0.10000000149011612, 'nsigma': 0.0, 'thresholdreached': False}
2026-03-19 16:55:10	INFO	SynthesisDeconvolver::executeCubeMinorCycle 	---------------------------------------------------- Run Minor Cycle Iterations  ---------------------------------------------
2026-03-19 16:55:10	INFO	SynthesisDeconvolver::setupDeconvolution 	Set Deconvolution Options for [sim_vla_3c286_sanity] : hogbom
2026-03-19 16:55:10	INFO	SynthesisDeconvolver::initMinorCycle 	 Absolute Peak residual within mask : 0.0100029, over full image : 0.0100029
2026-03-19 16:55:10	INFO	CubeMinorCycleAlgorithm::task 	Processing channels in range [0, 4]
2026-03-19 16:55:10	INFO	SDAlgorithmBase::deconvolve 	[sim_vla_3c286_sanity] Run Hogbom minor-cycle on 5 chans 4 pols | CycleThreshold=0.00800235, CycleNiter=468, Gain=0.1
2026-03-19 16:55:10	INFO	SDAlgorithmBase::deconvolve 	[sim_vla_3c286_sanity:C0:P0] iters=0->15 [15], model=0.0101161->0.00575204, peakres=0.0100029->0.00798164, Reached cyclethreshold.
2026-03-19 16:55:10	INFO	SDAlgorithmBase::deconvolve 	[sim_vla_3c286_sanity:C0:P1] iters=15->15 [0], model=0->0, peakres=0->0, Reached cyclethreshold.
2026-03-19 16:55:10	INFO	SDAlgorithmBase::deconvolve 	[sim_vla_3c286_sanity:C0:P2] iters=15->15 [0], model=0->0, peakres=0->0, Reached cyclethreshold.
2026-03-19 16:55:10	INFO	SDAlgorithmBase::deconvolve 	[sim_vla_3c286_sanity:C0:P3] iters=15->45 [30], model=0.0186749->0.0190381, peakres=0.00984201->0.00796895, Reached cyclethreshold.
2026-03-19 16:55:10	INFO	SDAlgorithmBase::deconvolve 	[sim_vla_3c286_sanity:C1:P0] iters=45->45 [0], model=0->0, peakres=0.00650256->0.00650256, Reached cyclethreshold.
2026-03-19 16:55:10	INFO	SDAlgorithmBase::deconvolve 	[sim_vla_3c286_sanity:C1:P1] iters=45->45 [0], model=0->0, peakres=0->0, Reached cyclethreshold.
2026-03-19 16:55:10	INFO	SDAlgorithmBase::deconvolve 	[sim_vla_3c286_sanity:C1:P2] iters=45->45 [0], model=0->0, peakres=0->0, Reached cyclethreshold.
2026-03-19 16:55:10	INFO	SDAlgorithmBase::deconvolve 	[sim_vla_3c286_sanity:C1:P3] iters=45->45 [0], model=0->0, peakres=0.0058459->0.0058459, Reached cyclethreshold.
2026-03-19 16:55:10	INFO	SDAlgorithmBase::deconvolve 	[sim_vla_3c286_sanity:C2:P0] iters=45->45 [0], model=0->0, peakres=0.00611064->0.00611064, Reached cyclethreshold.
2026-03-19 16:55:10	INFO	SDAlgorithmBase::deconvolve 	[sim_vla_3c286_sanity:C2:P1] iters=45->45 [0], model=0->0, peakres=0->0, Reached cyclethreshold.
2026-03-19 16:55:10	INFO	SDAlgorithmBase::deconvolve 	[sim_vla_3c286_sanity:C2:P2] iters=45->45 [0], model=0->0, peakres=0->0, Reached cyclethreshold.
2026-03-19 16:55:10	INFO	SDAlgorithmBase::deconvolve 	[sim_vla_3c286_sanity:C2:P3] iters=45->45 [0], model=0->0, peakres=0.00555311->0.00555311, Reached cyclethreshold.
2026-03-19 16:55:10	INFO	SDAlgorithmBase::deconvolve 	[sim_vla_3c286_sanity:C3:P0] iters=45->45 [0], model=0->0, peakres=0.00713279->0.00713279, Reached cyclethreshold.
2026-03-19 16:55:10	INFO	SDAlgorithmBase::deconvolve 	[sim_vla_3c286_sanity:C3:P1] iters=45->45 [0], model=0->0, peakres=0->0, Reached cyclethreshold.
2026-03-19 16:55:10	INFO	SDAlgorithmBase::deconvolve 	[sim_vla_3c286_sanity:C3:P2] iters=45->45 [0], model=0->0, peakres=0->0, Reached cyclethreshold.
2026-03-19 16:55:10	INFO	SDAlgorithmBase::deconvolve 	[sim_vla_3c286_sanity:C3:P3] iters=45->45 [0], model=0->0, peakres=0.00609653->0.00609653, Reached cyclethreshold.
2026-03-19 16:55:10	INFO	SDAlgorithmBase::deconvolve 	[sim_vla_3c286_sanity:C4:P0] iters=45->45 [0], model=0->0, peakres=0.00666808->0.00666808, Reached cyclethreshold.
2026-03-19 16:55:10	INFO	SDAlgorithmBase::deconvolve 	[sim_vla_3c286_sanity:C4:P1] iters=45->45 [0], model=0->0, peakres=0->0, Reached cyclethreshold.
2026-03-19 16:55:10	INFO	SDAlgorithmBase::deconvolve 	[sim_vla_3c286_sanity:C4:P2] iters=45->45 [0], model=0->0, peakres=0->0, Reached cyclethreshold.
2026-03-19 16:55:10	INFO	SDAlgorithmBase::deconvolve 	[sim_vla_3c286_sanity:C4:P3] iters=45->45 [0], model=0->0, peakres=0.00652204->0.00652204, Reached cyclethreshold.
2026-03-19 16:55:10	INFO	SDAlgorithmBase::deconvolve 	[sim_vla_3c286_sanity] Total model flux (over all planes) : 0.0247901     Peak Residual (over all planes) : 0.00798164 in C0:P0
2026-03-19 16:55:10	INFO	grpcInteractiveCleanManager::mergeCycleExecutionRecord 	Completed 77 iterations.
2026-03-19 16:55:10	INFO	task_tclean::SynthesisImager::executeMajorCycle 	----------------------------------------------------------- Run Major Cycle 4 -------------------------------------
2026-03-19 16:55:10	INFO	task_tclean::SynthesisImagerVi2::nSubCubeFitInMemory	Required memory: 0.07553 GB. Available mem.: 14.74 GB (rc, mem. fraction: 80%, memory: -) => Subcubes: 1. Processes on node: 1.
2026-03-19 16:55:10	INFO	task_tclean::SynthesisImagerVi2::selectData 	MS : sim_vla_3c286.ms | [Opened in readonly mode]
2026-03-19 16:55:10	INFO	task_tclean::SynthesisImagerVi2::selectData 	  NRows selected : 462
2026-03-19 16:55:10	INFO	task_tclean::SynthesisImagerVi2::weight() 	Set imaging weights : Natural weighting
2026-03-19 16:55:10	INFO	task_tclean::SynthesisImager::executeMajorCycle 	----------------------------------------------------------- Run Major Cycle 4 -------------------------------------
2026-03-19 16:55:12	INFO	task_tclean::SynthesisDeconvolver::initMinorCycle 	 Absolute Peak residual within mask : 0.00800657, over full image : 0.00800657
2026-03-19 16:55:12	INFO	tclean::::casa	Minor Cycle controls : {'cycleniter': 423, 'cyclethreshold': 0.006405255291610956, 'loopgain': 0.10000000149011612, 'nsigma': 0.0, 'thresholdreached': False}
2026-03-19 16:55:12	INFO	SynthesisDeconvolver::executeCubeMinorCycle 	---------------------------------------------------- Run Minor Cycle Iterations  ---------------------------------------------
2026-03-19 16:55:12	INFO	SynthesisDeconvolver::setupDeconvolution 	Set Deconvolution Options for [sim_vla_3c286_sanity] : hogbom
2026-03-19 16:55:12	INFO	SynthesisDeconvolver::initMinorCycle 	 Absolute Peak residual within mask : 0.00800657, over full image : 0.00800657
2026-03-19 16:55:12	INFO	CubeMinorCycleAlgorithm::task 	Processing channels in range [0, 4]
2026-03-19 16:55:12	INFO	SDAlgorithmBase::deconvolve 	[sim_vla_3c286_sanity] Run Hogbom minor-cycle on 5 chans 4 pols | CycleThreshold=0.00640526, CycleNiter=423, Gain=0.1
2026-03-19 16:55:12	INFO	SDAlgorithmBase::deconvolve 	[sim_vla_3c286_sanity:C0:P0] iters=0->20 [20], model=0.00575204->0.00983074, peakres=0.00800657->0.00636638, Reached cyclethreshold.
2026-03-19 16:55:12	INFO	SDAlgorithmBase::deconvolve 	[sim_vla_3c286_sanity:C0:P1] iters=20->20 [0], model=0->0, peakres=0->0, Reached cyclethreshold.
2026-03-19 16:55:12	INFO	SDAlgorithmBase::deconvolve 	[sim_vla_3c286_sanity:C0:P2] iters=20->20 [0], model=0->0, peakres=0->0, Reached cyclethreshold.
2026-03-19 16:55:12	INFO	SDAlgorithmBase::deconvolve 	[sim_vla_3c286_sanity:C0:P3] iters=20->55 [35], model=0.0190381->0.0126253, peakres=0.00790218->0.0064028, Reached cyclethreshold.
2026-03-19 16:55:12	INFO	SDAlgorithmBase::deconvolve 	[sim_vla_3c286_sanity:C1:P0] iters=55->56 [1], model=0->-0.000650256, peakres=0.00650256->0.0058523, Reached cyclethreshold.
2026-03-19 16:55:12	INFO	SDAlgorithmBase::deconvolve 	[sim_vla_3c286_sanity:C1:P1] iters=56->56 [0], model=0->0, peakres=0->0, Reached cyclethreshold.
2026-03-19 16:55:12	INFO	SDAlgorithmBase::deconvolve 	[sim_vla_3c286_sanity:C1:P2] iters=56->56 [0], model=0->0, peakres=0->0, Reached cyclethreshold.
2026-03-19 16:55:12	INFO	SDAlgorithmBase::deconvolve 	[sim_vla_3c286_sanity:C1:P3] iters=56->56 [0], model=0->0, peakres=0.0058459->0.0058459, Reached cyclethreshold.
2026-03-19 16:55:12	INFO	SDAlgorithmBase::deconvolve 	[sim_vla_3c286_sanity:C2:P0] iters=56->56 [0], model=0->0, peakres=0.00611064->0.00611064, Reached cyclethreshold.
2026-03-19 16:55:12	INFO	SDAlgorithmBase::deconvolve 	[sim_vla_3c286_sanity:C2:P1] iters=56->56 [0], model=0->0, peakres=0->0, Reached cyclethreshold.
2026-03-19 16:55:12	INFO	SDAlgorithmBase::deconvolve 	[sim_vla_3c286_sanity:C2:P2] iters=56->56 [0], model=0->0, peakres=0->0, Reached cyclethreshold.
2026-03-19 16:55:12	INFO	SDAlgorithmBase::deconvolve 	[sim_vla_3c286_sanity:C2:P3] iters=56->56 [0], model=0->0, peakres=0.00555311->0.00555311, Reached cyclethreshold.
2026-03-19 16:55:12	INFO	SDAlgorithmBase::deconvolve 	[sim_vla_3c286_sanity:C3:P0] iters=56->60 [4], model=0->7.02123e-05, peakres=0.00713279->0.00637972, Reached cyclethreshold.
2026-03-19 16:55:12	INFO	SDAlgorithmBase::deconvolve 	[sim_vla_3c286_sanity:C3:P1] iters=60->60 [0], model=0->0, peakres=0->0, Reached cyclethreshold.
2026-03-19 16:55:12	INFO	SDAlgorithmBase::deconvolve 	[sim_vla_3c286_sanity:C3:P2] iters=60->60 [0], model=0->0, peakres=0->0, Reached cyclethreshold.
2026-03-19 16:55:12	INFO	SDAlgorithmBase::deconvolve 	[sim_vla_3c286_sanity:C3:P3] iters=60->60 [0], model=0->0, peakres=0.00609653->0.00609653, Reached cyclethreshold.
2026-03-19 16:55:12	INFO	SDAlgorithmBase::deconvolve 	[sim_vla_3c286_sanity:C4:P0] iters=60->64 [4], model=0->-0.00156792, peakres=0.00666808->0.00613274, Reached cyclethreshold.
2026-03-19 16:55:12	INFO	SDAlgorithmBase::deconvolve 	[sim_vla_3c286_sanity:C4:P1] iters=64->64 [0], model=0->0, peakres=0->0, Reached cyclethreshold.
2026-03-19 16:55:12	INFO	SDAlgorithmBase::deconvolve 	[sim_vla_3c286_sanity:C4:P2] iters=64->64 [0], model=0->0, peakres=0->0, Reached cyclethreshold.
2026-03-19 16:55:12	INFO	SDAlgorithmBase::deconvolve 	[sim_vla_3c286_sanity:C4:P3] iters=64->65 [1], model=0->0.000652204, peakres=0.00652204->0.00586984, Reached cyclethreshold.
2026-03-19 16:55:12	INFO	SDAlgorithmBase::deconvolve 	[sim_vla_3c286_sanity] Total model flux (over all planes) : 0.0209603     Peak Residual (over all planes) : 0.0064028 in C0:P3
2026-03-19 16:55:12	INFO	grpcInteractiveCleanManager::mergeCycleExecutionRecord 	Completed 142 iterations.
2026-03-19 16:55:12	INFO	task_tclean::SynthesisImager::executeMajorCycle 	----------------------------------------------------------- Run Major Cycle 5 -------------------------------------
2026-03-19 16:55:12	INFO	task_tclean::SynthesisImagerVi2::nSubCubeFitInMemory	Required memory: 0.07553 GB. Available mem.: 14.75 GB (rc, mem. fraction: 80%, memory: -) => Subcubes: 1. Processes on node: 1.
2026-03-19 16:55:12	INFO	task_tclean::SynthesisImagerVi2::selectData 	MS : sim_vla_3c286.ms | [Opened in readonly mode]
2026-03-19 16:55:12	INFO	task_tclean::SynthesisImagerVi2::selectData 	  NRows selected : 462
2026-03-19 16:55:12	INFO	task_tclean::SynthesisImagerVi2::weight() 	Set imaging weights : Natural weighting
2026-03-19 16:55:12	INFO	task_tclean::SynthesisImager::executeMajorCycle 	----------------------------------------------------------- Run Major Cycle 5 -------------------------------------
2026-03-19 16:55:15	INFO	task_tclean::SynthesisDeconvolver::initMinorCycle 	 Absolute Peak residual within mask : 0.00629876, over full image : 0.00629876
2026-03-19 16:55:15	INFO	tclean::::casa	Minor Cycle controls : {'cycleniter': 358, 'cyclethreshold': 0.005039009731262922, 'loopgain': 0.10000000149011612, 'nsigma': 0.0, 'thresholdreached': False}
2026-03-19 16:55:15	INFO	SynthesisDeconvolver::executeCubeMinorCycle 	---------------------------------------------------- Run Minor Cycle Iterations  ---------------------------------------------
2026-03-19 16:55:15	INFO	SynthesisDeconvolver::setupDeconvolution 	Set Deconvolution Options for [sim_vla_3c286_sanity] : hogbom
2026-03-19 16:55:15	INFO	SynthesisDeconvolver::initMinorCycle 	 Absolute Peak residual within mask : 0.00629876, over full image : 0.00629876
2026-03-19 16:55:15	INFO	CubeMinorCycleAlgorithm::task 	Processing channels in range [0, 4]
2026-03-19 16:55:15	INFO	SDAlgorithmBase::deconvolve 	[sim_vla_3c286_sanity] Run Hogbom minor-cycle on 5 chans 4 pols | CycleThreshold=0.00503901, CycleNiter=358, Gain=0.1
2026-03-19 16:55:15	INFO	SDAlgorithmBase::deconvolve 	[sim_vla_3c286_sanity:C0:P0] iters=0->50 [50], model=0.00983074->0.00297667, peakres=0.00622611->0.00503373, Reached cyclethreshold.
2026-03-19 16:55:15	INFO	SDAlgorithmBase::deconvolve 	[sim_vla_3c286_sanity:C0:P1] iters=50->50 [0], model=0->0, peakres=0->0, Reached cyclethreshold.
2026-03-19 16:55:15	INFO	SDAlgorithmBase::deconvolve 	[sim_vla_3c286_sanity:C0:P2] iters=50->50 [0], model=0->0, peakres=0->0, Reached cyclethreshold.
2026-03-19 16:55:15	INFO	SDAlgorithmBase::deconvolve 	[sim_vla_3c286_sanity:C0:P3] iters=50->106 [56], model=0.0126253->0.0068455, peakres=0.00629876->0.00503135, Reached cyclethreshold.
2026-03-19 16:55:15	INFO	SDAlgorithmBase::deconvolve 	[sim_vla_3c286_sanity:C1:P0] iters=106->112 [6], model=-0.000650256->-0.00281387, peakres=0.00585238->0.00488954, Reached cyclethreshold.
2026-03-19 16:55:15	INFO	SDAlgorithmBase::deconvolve 	[sim_vla_3c286_sanity:C1:P1] iters=112->112 [0], model=0->0, peakres=0->0, Reached cyclethreshold.
2026-03-19 16:55:15	INFO	SDAlgorithmBase::deconvolve 	[sim_vla_3c286_sanity:C1:P2] iters=112->112 [0], model=0->0, peakres=0->0, Reached cyclethreshold.
2026-03-19 16:55:15	INFO	SDAlgorithmBase::deconvolve 	[sim_vla_3c286_sanity:C1:P3] iters=112->116 [4], model=0->0.00105862, peakres=0.0058459->0.00503057, Reached cyclethreshold.
2026-03-19 16:55:15	INFO	SDAlgorithmBase::deconvolve 	[sim_vla_3c286_sanity:C2:P0] iters=116->126 [10], model=0->-0.00120268, peakres=0.00611064->0.00503835, Reached cyclethreshold.
2026-03-19 16:55:15	INFO	SDAlgorithmBase::deconvolve 	[sim_vla_3c286_sanity:C2:P1] iters=126->126 [0], model=0->0, peakres=0->0, Reached cyclethreshold.
2026-03-19 16:55:15	INFO	SDAlgorithmBase::deconvolve 	[sim_vla_3c286_sanity:C2:P2] iters=126->126 [0], model=0->0, peakres=0->0, Reached cyclethreshold.
2026-03-19 16:55:15	INFO	SDAlgorithmBase::deconvolve 	[sim_vla_3c286_sanity:C2:P3] iters=126->130 [4], model=0->-0.00102095, peakres=0.00555311->0.00499865, Reached cyclethreshold.
2026-03-19 16:55:15	INFO	SDAlgorithmBase::deconvolve 	[sim_vla_3c286_sanity:C3:P0] iters=130->143 [13], model=7.02123e-05->-0.00264816, peakres=0.00629667->0.00501954, Reached cyclethreshold.
2026-03-19 16:55:15	INFO	SDAlgorithmBase::deconvolve 	[sim_vla_3c286_sanity:C3:P1] iters=143->143 [0], model=0->0, peakres=0->0, Reached cyclethreshold.
2026-03-19 16:55:15	INFO	SDAlgorithmBase::deconvolve 	[sim_vla_3c286_sanity:C3:P2] iters=143->143 [0], model=0->0, peakres=0->0, Reached cyclethreshold.
2026-03-19 16:55:15	INFO	SDAlgorithmBase::deconvolve 	[sim_vla_3c286_sanity:C3:P3] iters=143->151 [8], model=0->-0.0022685, peakres=0.00609653->0.00502641, Reached cyclethreshold.
2026-03-19 16:55:15	INFO	SDAlgorithmBase::deconvolve 	[sim_vla_3c286_sanity:C4:P0] iters=151->164 [13], model=-0.00156792->-0.0031975, peakres=0.00609879->0.00503602, Reached cyclethreshold.
2026-03-19 16:55:15	INFO	SDAlgorithmBase::deconvolve 	[sim_vla_3c286_sanity:C4:P1] iters=164->164 [0], model=0->0, peakres=0->0, Reached cyclethreshold.
2026-03-19 16:55:15	INFO	SDAlgorithmBase::deconvolve 	[sim_vla_3c286_sanity:C4:P2] iters=164->164 [0], model=0->0, peakres=0->0, Reached cyclethreshold.
2026-03-19 16:55:15	INFO	SDAlgorithmBase::deconvolve 	[sim_vla_3c286_sanity:C4:P3] iters=164->172 [8], model=0.000652204->0.00292746, peakres=0.00586986->0.00501056, Reached cyclethreshold.
2026-03-19 16:55:15	INFO	SDAlgorithmBase::deconvolve 	[sim_vla_3c286_sanity] Total model flux (over all planes) : 0.000656605     Peak Residual (over all planes) : 0.00503835 in C2:P0
2026-03-19 16:55:15	INFO	grpcInteractiveCleanManager::mergeCycleExecutionRecord 	Completed 314 iterations.
2026-03-19 16:55:15	INFO	task_tclean::SynthesisImager::executeMajorCycle 	----------------------------------------------------------- Run Major Cycle 6 -------------------------------------
2026-03-19 16:55:15	INFO	task_tclean::SynthesisImagerVi2::nSubCubeFitInMemory	Required memory: 0.07553 GB. Available mem.: 14.75 GB (rc, mem. fraction: 80%, memory: -) => Subcubes: 1. Processes on node: 1.
2026-03-19 16:55:15	INFO	task_tclean::SynthesisImagerVi2::selectData 	MS : sim_vla_3c286.ms | [Opened in readonly mode]
2026-03-19 16:55:15	INFO	task_tclean::SynthesisImagerVi2::selectData 	  NRows selected : 462
2026-03-19 16:55:15	INFO	task_tclean::SynthesisImagerVi2::weight() 	Set imaging weights : Natural weighting
2026-03-19 16:55:15	INFO	task_tclean::SynthesisImager::executeMajorCycle 	----------------------------------------------------------- Run Major Cycle 6 -------------------------------------
2026-03-19 16:55:16	INFO	task_tclean::SynthesisDeconvolver::initMinorCycle 	 Absolute Peak residual within mask : 0.00510223, over full image : 0.00510223
2026-03-19 16:55:16	INFO	tclean::::casa	Minor Cycle controls : {'cycleniter': 186, 'cyclethreshold': 0.004081785213202238, 'loopgain': 0.10000000149011612, 'nsigma': 0.0, 'thresholdreached': False}
2026-03-19 16:55:16	INFO	SynthesisDeconvolver::executeCubeMinorCycle 	---------------------------------------------------- Run Minor Cycle Iterations  ---------------------------------------------
2026-03-19 16:55:16	INFO	SynthesisDeconvolver::setupDeconvolution 	Set Deconvolution Options for [sim_vla_3c286_sanity] : hogbom
2026-03-19 16:55:16	INFO	SynthesisDeconvolver::initMinorCycle 	 Absolute Peak residual within mask : 0.00510223, over full image : 0.00510223
2026-03-19 16:55:16	INFO	CubeMinorCycleAlgorithm::task 	Processing channels in range [0, 4]
2026-03-19 16:55:16	INFO	SDAlgorithmBase::deconvolve 	[sim_vla_3c286_sanity] Run Hogbom minor-cycle on 5 chans 4 pols | CycleThreshold=0.00408179, CycleNiter=186, Gain=0.1
2026-03-19 16:55:16	INFO	SDAlgorithmBase::deconvolve 	[sim_vla_3c286_sanity:C0:P0] iters=0->31 [31], model=0.00297667->0.000769039, peakres=0.0048351->0.00403972, Reached cyclethreshold.
2026-03-19 16:55:16	INFO	SDAlgorithmBase::deconvolve 	[sim_vla_3c286_sanity:C0:P1] iters=31->31 [0], model=0->0, peakres=0->0, Reached cyclethreshold.
2026-03-19 16:55:16	INFO	SDAlgorithmBase::deconvolve 	[sim_vla_3c286_sanity:C0:P2] iters=31->31 [0], model=0->0, peakres=0->0, Reached cyclethreshold.
2026-03-19 16:55:16	INFO	SDAlgorithmBase::deconvolve 	[sim_vla_3c286_sanity:C0:P3] iters=31->67 [36], model=0.0068455->0.00586942, peakres=0.00510223->0.00406988, Reached cyclethreshold.
2026-03-19 16:55:16	INFO	SDAlgorithmBase::deconvolve 	[sim_vla_3c286_sanity:C1:P0] iters=67->83 [16], model=-0.00281387->-0.00110694, peakres=0.00489561->0.00406403, Reached cyclethreshold.
2026-03-19 16:55:16	INFO	SDAlgorithmBase::deconvolve 	[sim_vla_3c286_sanity:C1:P1] iters=83->83 [0], model=0->0, peakres=0->0, Reached cyclethreshold.
2026-03-19 16:55:16	INFO	SDAlgorithmBase::deconvolve 	[sim_vla_3c286_sanity:C1:P2] iters=83->83 [0], model=0->0, peakres=0->0, Reached cyclethreshold.
2026-03-19 16:55:16	INFO	SDAlgorithmBase::deconvolve 	[sim_vla_3c286_sanity:C1:P3] iters=83->117 [34], model=0.00105862->0.00369343, peakres=0.00503087->0.0040609, Reached cyclethreshold.
2026-03-19 16:55:16	INFO	SDAlgorithmBase::deconvolve 	[sim_vla_3c286_sanity:C2:P0] iters=117->159 [42], model=-0.00120268->-0.00662891, peakres=0.00500255->0.00407772, Reached cyclethreshold.
2026-03-19 16:55:16	INFO	SDAlgorithmBase::deconvolve 	[sim_vla_3c286_sanity:C2:P1] iters=159->159 [0], model=0->0, peakres=0->0, Reached cyclethreshold.
2026-03-19 16:55:16	INFO	SDAlgorithmBase::deconvolve 	[sim_vla_3c286_sanity:C2:P2] iters=159->159 [0], model=0->0, peakres=0->0, Reached cyclethreshold.
2026-03-19 16:55:16	INFO	SDAlgorithmBase::deconvolve 	[sim_vla_3c286_sanity:C2:P3] iters=159->184 [25], model=-0.00102095->-0.000490126, peakres=0.00503643->0.00405999, Reached cyclethreshold.
2026-03-19 16:55:16	INFO	SDAlgorithmBase::deconvolve 	[sim_vla_3c286_sanity:C3:P0] iters=184->221 [37], model=-0.00264816->-0.00664723, peakres=0.005036->0.00406884, Reached cyclethreshold.
2026-03-19 16:55:16	INFO	SDAlgorithmBase::deconvolve 	[sim_vla_3c286_sanity:C3:P1] iters=221->221 [0], model=0->0, peakres=0->0, Reached cyclethreshold.
2026-03-19 16:55:16	INFO	SDAlgorithmBase::deconvolve 	[sim_vla_3c286_sanity:C3:P2] iters=221->221 [0], model=0->0, peakres=0->0, Reached cyclethreshold.
2026-03-19 16:55:16	INFO	SDAlgorithmBase::deconvolve 	[sim_vla_3c286_sanity:C3:P3] iters=221->252 [31], model=-0.0022685->-0.000980495, peakres=0.00493915->0.00405677, Reached cyclethreshold.
2026-03-19 16:55:16	INFO	SDAlgorithmBase::deconvolve 	[sim_vla_3c286_sanity:C4:P0] iters=252->291 [39], model=-0.0031975->-0.00279148, peakres=0.00492267->0.00407956, Reached cyclethreshold.
2026-03-19 16:55:16	INFO	SDAlgorithmBase::deconvolve 	[sim_vla_3c286_sanity:C4:P1] iters=291->291 [0], model=0->0, peakres=0->0, Reached cyclethreshold.
2026-03-19 16:55:16	INFO	SDAlgorithmBase::deconvolve 	[sim_vla_3c286_sanity:C4:P2] iters=291->291 [0], model=0->0, peakres=0->0, Reached cyclethreshold.
2026-03-19 16:55:16	INFO	SDAlgorithmBase::deconvolve 	[sim_vla_3c286_sanity:C4:P3] iters=291->337 [46], model=0.00292746->0.00658999, peakres=0.00492716->0.00407552, Reached cyclethreshold.
2026-03-19 16:55:16	INFO	SDAlgorithmBase::deconvolve 	[sim_vla_3c286_sanity] Total model flux (over all planes) : -0.00172331     Peak Residual (over all planes) : 0.00407956 in C4:P0
2026-03-19 16:55:17	INFO	grpcInteractiveCleanManager::mergeCycleExecutionRecord 	Completed 651 iterations.
2026-03-19 16:55:17	INFO	task_tclean::SynthesisImager::executeMajorCycle 	----------------------------------------------------------- Run Major Cycle 7 -------------------------------------
2026-03-19 16:55:17	INFO	task_tclean::SynthesisImagerVi2::nSubCubeFitInMemory	Required memory: 0.07553 GB. Available mem.: 14.75 GB (rc, mem. fraction: 80%, memory: -) => Subcubes: 1. Processes on node: 1.
2026-03-19 16:55:17	INFO	task_tclean::SynthesisImagerVi2::selectData 	MS : sim_vla_3c286.ms | [Opened in readonly mode]
2026-03-19 16:55:17	INFO	task_tclean::SynthesisImagerVi2::selectData 	  NRows selected : 462
2026-03-19 16:55:17	INFO	task_tclean::SynthesisImagerVi2::weight() 	Set imaging weights : Natural weighting
2026-03-19 16:55:17	INFO	task_tclean::SynthesisImager::executeMajorCycle 	----------------------------------------------------------- Run Major Cycle 7 -------------------------------------
2026-03-19 16:55:18	INFO	task_tclean::SynthesisDeconvolver::initMinorCycle 	 Absolute Peak residual within mask : 0.00419515, over full image : 0.00419515
2026-03-19 16:55:18	INFO	tclean::::casa	Reached global stopping criterion : iteration limit
2026-03-19 16:55:18	INFO	tclean::::casa	getSummary call: fullsummary=False
2026-03-19 16:55:18	INFO	SDAlgorithmBase::restore 	[sim_vla_3c286_sanity] : Restoring model image.
2026-03-19 16:55:18	INFO	SIImageStore::restore 	Beam for chan : 0 : 188.002 arcsec, 165.171 arcsec, -77.8532 deg
2026-03-19 16:55:18	INFO	SIImageStore::restore 	Beam for chan : 0 : 188.002 arcsec, 165.171 arcsec, -77.8532 deg
2026-03-19 16:55:18	INFO	SIImageStore::restore 	Beam for chan : 0 : 188.002 arcsec, 165.171 arcsec, -77.8532 deg
2026-03-19 16:55:18	INFO	SIImageStore::restore 	Beam for chan : 0 : 188.002 arcsec, 165.171 arcsec, -77.8532 deg
2026-03-19 16:55:18	INFO	SIImageStore::restore 	Beam for chan : 1 : 156.687 arcsec, 145.038 arcsec, 85.1502 deg
2026-03-19 16:55:18	INFO	SIImageStore::restore 	Beam for chan : 1 : 156.687 arcsec, 145.038 arcsec, 85.1502 deg
2026-03-19 16:55:18	INFO	SIImageStore::restore 	Beam for chan : 1 : 156.687 arcsec, 145.038 arcsec, 85.1502 deg
2026-03-19 16:55:18	INFO	SIImageStore::restore 	Beam for chan : 1 : 156.687 arcsec, 145.038 arcsec, 85.1502 deg
2026-03-19 16:55:18	INFO	SIImageStore::restore 	Beam for chan : 2 : 139.335 arcsec, 129.005 arcsec, 84.6966 deg
2026-03-19 16:55:18	INFO	SIImageStore::restore 	Beam for chan : 2 : 139.335 arcsec, 129.005 arcsec, 84.6966 deg
2026-03-19 16:55:18	INFO	SIImageStore::restore 	Beam for chan : 2 : 139.335 arcsec, 129.005 arcsec, 84.6966 deg
2026-03-19 16:55:18	INFO	SIImageStore::restore 	Beam for chan : 2 : 139.335 arcsec, 129.005 arcsec, 84.6966 deg
2026-03-19 16:55:18	INFO	SIImageStore::restore 	Beam for chan : 3 : 125.369 arcsec, 116.061 arcsec, 84.9197 deg
2026-03-19 16:55:18	INFO	SIImageStore::restore 	Beam for chan : 3 : 125.369 arcsec, 116.061 arcsec, 84.9197 deg
2026-03-19 16:55:18	INFO	SIImageStore::restore 	Beam for chan : 3 : 125.369 arcsec, 116.061 arcsec, 84.9197 deg
2026-03-19 16:55:18	INFO	SIImageStore::restore 	Beam for chan : 3 : 125.369 arcsec, 116.061 arcsec, 84.9197 deg
2026-03-19 16:55:18	INFO	SIImageStore::restore 	Beam for chan : 4 : 113.976 arcsec, 105.532 arcsec, 85.0262 deg
2026-03-19 16:55:18	INFO	SIImageStore::restore 	Beam for chan : 4 : 113.976 arcsec, 105.532 arcsec, 85.0262 deg
2026-03-19 16:55:18	INFO	SIImageStore::restore 	Beam for chan : 4 : 113.976 arcsec, 105.532 arcsec, 85.0262 deg
2026-03-19 16:55:18	INFO	SIImageStore::restore 	Beam for chan : 4 : 113.976 arcsec, 105.532 arcsec, 85.0262 deg
2026-03-19 16:55:19	INFO	tclean::::casa	Searching for images with prefix 'sim_vla_3c286_sanity'... Found these, writing history into them: ['sim_vla_3c286_sanity.mask', 'sim_vla_3c286_sanity.psf', 'sim_vla_3c286_sanity.model', 'sim_vla_3c286_sanity.pb', 'sim_vla_3c286_sanity.sumwt', 'sim_vla_3c286_sanity.residual', 'sim_vla_3c286_sanity.image']
2026-03-19 16:55:19	INFO	tclean::::casa	Task tclean complete. Start time: 2026-03-19 10:54:57.711764 End time: 2026-03-19 10:55:18.566727
2026-03-19 16:55:19	INFO	tclean::::casa	##### End Task: tclean               #####
2026-03-19 16:55:19	INFO	tclean::::casa	##########################################
2026-03-19 16:55:19	INFO	imstat::::casa	##########################################
2026-03-19 16:55:19	INFO	imstat::::casa	##### Begin Task: imstat             #####
2026-03-19 16:55:19	INFO	imstat::::casa	imstat( imagename='sim_vla_3c286_sanity.residual', axes=[0, 1], region='', box='', chans='', stokes='', listit=True, verbose=True, mask='', stretch=False, logfile='', append=True, algorithm='classic', fence=-1.0, center='mean', lside=True, zscore=-1.0, maxiter=-1, clmethod='auto', niter=3 )
2026-03-19 16:55:19	INFO	imstat::CasacRegionManager::fromBCS	No directional region specified. Using full positional plane.
2026-03-19 16:55:19	INFO	imstat::CasacRegionManager::fromBCS	Using all spectral channels.
2026-03-19 16:55:19	INFO	imstat::CasacRegionManager::fromBCS	Using polarizations ALL
2026-03-19 16:55:19	INFO	imstat::image::statistics 	Determining stats for image sim_vla_3c286_sanity.residual
2026-03-19 16:55:19	INFO	imstat::ImageRegion::fromRecord	Selected bounding box : 
2026-03-19 16:55:19	INFO	imstat::ImageRegion::fromRecord+	    [0, 0, 0, 0] to [255, 255, 3, 4]  (13:32:37.141, +30.11.19.064, I, 1.40006e+09Hz to 13:29:39.553, +30.49.34.093, V, 2.20009e+09Hz)
2026-03-19 16:55:19	INFO	imstat::ImageStatsCalculator::_logStartup	Statistics calculated using Classic algorithm
2026-03-19 16:55:19	INFO	imstat::ImageStatsCalculator::_logStartup	Regions --- 
2026-03-19 16:55:19	INFO	imstat::ImageStatsCalculator::_logStartup	         -- bottom-left corner (pixel) [blc]:  [0, 0, 0, 0]
2026-03-19 16:55:19	INFO	imstat::ImageStatsCalculator::_logStartup	         -- top-right corner (pixel) [trc]:    [255, 255, 3, 4]
2026-03-19 16:55:19	INFO	imstat::ImageStatsCalculator::_logStartup	         -- bottom-left corner (world) [blcf]: 13:32:37.141, +30.11.19.064, I, 1.40006e+09Hz
2026-03-19 16:55:19	INFO	imstat::ImageStatsCalculator::_logStartup	         -- top-right corner (world) [trcf]:   13:29:39.553, +30.49.34.093, V, 2.20009e+09Hz
2026-03-19 16:55:19	INFO	imstat::ImageStatsCalculator::statistics	VELOCITY column unit = km/s
2026-03-19 16:55:19	INFO	imstat::ImageStatsCalculator::statistics	Sum column unit = 
2026-03-19 16:55:19	INFO	imstat::ImageStatsCalculator::statistics+	Mean column unit = 
2026-03-19 16:55:19	INFO	imstat::ImageStatsCalculator::statistics+	Std_dev column unit = 
2026-03-19 16:55:19	INFO	imstat::ImageStatsCalculator::statistics+	Minimum column unit = 
2026-03-19 16:55:19	INFO	imstat::ImageStatsCalculator::statistics+	Maximum column unit = 
2026-03-19 16:55:19	INFO	imstat::ImageStatsCalculator::statistics	        VELOCITY  VELOCITY(Plane) STOKES  STOKES(Plane) Npts          Sum           Mean          Rms           Std_dev       Minimum       Maximum     
2026-03-19 16:55:19	INFO	imstat::ImageStatsCalculator::statistics	     -12.0602802                0      I              0  6.553600e+04  3.075441e+00  4.692750e-05  1.805753e-03  1.805157e-03 -4.035417e-03  4.155555e-03
2026-03-19 16:55:19	INFO	imstat::ImageStatsCalculator::statistics	     -12.0602802                0      Q              1  6.553600e+04  0.000000e+00  0.000000e+00  0.000000e+00  0.000000e+00  0.000000e+00  0.000000e+00
2026-03-19 16:55:19	INFO	imstat::ImageStatsCalculator::statistics	     -12.0602802                0      U              2  6.553600e+04  0.000000e+00  0.000000e+00  0.000000e+00  0.000000e+00  0.000000e+00  0.000000e+00
2026-03-19 16:55:19	INFO	imstat::ImageStatsCalculator::statistics	     -12.0602802                0      V              3  6.553600e+04 -1.195306e+00 -1.823893e-05  1.787375e-03  1.787296e-03 -4.044928e-03  4.081527e-03
2026-03-19 16:55:19	INFO	imstat::ImageStatsCalculator::statistics	     -42841.2772                1      I              0  6.445100e+04  5.767659e+00  8.948905e-05  1.448513e-03  1.445757e-03 -4.045121e-03  4.057717e-03
2026-03-19 16:55:19	INFO	imstat::ImageStatsCalculator::statistics	     -42841.2772                1      Q              1  6.445100e+04  0.000000e+00  0.000000e+00  0.000000e+00  0.000000e+00  0.000000e+00  0.000000e+00
2026-03-19 16:55:19	INFO	imstat::ImageStatsCalculator::statistics	     -42841.2772                1      U              2  6.445100e+04  0.000000e+00  0.000000e+00  0.000000e+00  0.000000e+00  0.000000e+00  0.000000e+00
2026-03-19 16:55:19	INFO	imstat::ImageStatsCalculator::statistics	     -42841.2772                1      V              3  6.445100e+04 -1.678257e+00 -2.603927e-05  1.513562e-03  1.513350e-03 -4.045573e-03  3.962323e-03
2026-03-19 16:55:19	INFO	imstat::ImageStatsCalculator::statistics	     -85670.4941                2      I              0  6.030300e+04 -4.023912e+00 -6.672822e-05  1.588170e-03  1.586781e-03 -4.105939e-03  3.974002e-03
2026-03-19 16:55:19	INFO	imstat::ImageStatsCalculator::statistics	     -85670.4941                2      Q              1  6.030300e+04  0.000000e+00  0.000000e+00  0.000000e+00  0.000000e+00  0.000000e+00  0.000000e+00
2026-03-19 16:55:19	INFO	imstat::ImageStatsCalculator::statistics	     -85670.4941                2      U              2  6.030300e+04  0.000000e+00  0.000000e+00  0.000000e+00  0.000000e+00  0.000000e+00  0.000000e+00
2026-03-19 16:55:19	INFO	imstat::ImageStatsCalculator::statistics	     -85670.4941                2      V              3  6.030300e+04  6.646620e-01  1.102204e-05  1.459190e-03  1.459161e-03 -3.996507e-03  4.184413e-03
2026-03-19 16:55:19	INFO	imstat::ImageStatsCalculator::statistics	     -128499.711                3      I              0  5.395100e+04 -8.921016e-01 -1.653540e-05  1.496329e-03  1.496251e-03 -4.074516e-03  4.085880e-03
2026-03-19 16:55:19	INFO	imstat::ImageStatsCalculator::statistics	     -128499.711                3      Q              1  5.395100e+04  0.000000e+00  0.000000e+00  0.000000e+00  0.000000e+00  0.000000e+00  0.000000e+00
2026-03-19 16:55:19	INFO	imstat::ImageStatsCalculator::statistics	     -128499.711                3      U              2  5.395100e+04  0.000000e+00  0.000000e+00  0.000000e+00  0.000000e+00  0.000000e+00  0.000000e+00
2026-03-19 16:55:19	INFO	imstat::ImageStatsCalculator::statistics	     -128499.711                3      V              3  5.395100e+04  9.149998e-01  1.695983e-05  1.466082e-03  1.465998e-03 -3.996572e-03  4.171378e-03
2026-03-19 16:55:19	INFO	imstat::ImageStatsCalculator::statistics	     -171328.928                4      I              0  4.513300e+04 -8.144646e-03 -1.804588e-07  1.468475e-03  1.468491e-03 -4.048515e-03  3.942563e-03
2026-03-19 16:55:19	INFO	imstat::ImageStatsCalculator::statistics	     -171328.928                4      Q              1  4.513300e+04  0.000000e+00  0.000000e+00  0.000000e+00  0.000000e+00  0.000000e+00  0.000000e+00
2026-03-19 16:55:19	INFO	imstat::ImageStatsCalculator::statistics	     -171328.928                4      U              2  4.513300e+04  0.000000e+00  0.000000e+00  0.000000e+00  0.000000e+00  0.000000e+00  0.000000e+00
2026-03-19 16:55:19	INFO	imstat::ImageStatsCalculator::statistics	     -171328.928                4      V              3  4.513300e+04 -1.521597e+00 -3.371364e-05  1.477861e-03  1.477493e-03 -4.195153e-03  4.126946e-03
2026-03-19 16:55:19	INFO	imstat::::casa	Task imstat complete. Start time: 2026-03-19 10:55:18.576327 End time: 2026-03-19 10:55:18.614265
2026-03-19 16:55:19	INFO	imstat::::casa	##### End Task: imstat               #####
2026-03-19 16:55:19	INFO	imstat::::casa	##########################################
2026-03-19 16:55:19	WARN	componentlist::close	componentlist closed
